<?xml version="1.0" encoding="UTF-8"?>
<!-- Generated by org.testng.reporters.JUnitXMLReporter -->
<testsuite ignored="1" hostname="LAPTOP-0KCN5936" failures="0" tests="1" name="Default test" time="1.081" errors="0" timestamp="23 Apr 2022 03:02:53 GMT">
  <testcase classname="org.excelautomate.ExcelReadWrite" name="writeExcel" time="1.056"/>
  <testcase classname="org.excelautomate.ExcelReadWrite" name="excelRead" time="0.0">
    <ignored/>
  </testcase> <!-- excelRead -->
</testsuite> <!-- Default test -->
