<?xml version="1.0" encoding="UTF-8"?>
<testng-results ignored="1" total="2" passed="1" failed="0" skipped="0">
  <reporter-output>
  </reporter-output>
  <suite started-at="2022-04-23T03:02:52Z" name="Default suite" finished-at="2022-04-23T03:02:53Z" duration-ms="1081">
    <groups>
    </groups>
    <test started-at="2022-04-23T03:02:52Z" name="Default test" finished-at="2022-04-23T03:02:53Z" duration-ms="1081">
      <class name="org.excelautomate.ExcelReadWrite">
        <test-method signature="writeExcel()[pri:0, instance:org.excelautomate.ExcelReadWrite@68f4865]" started-at="2022-04-23T03:02:52Z" name="writeExcel" finished-at="2022-04-23T03:02:53Z" duration-ms="1056" status="PASS">
          <reporter-output>
          </reporter-output>
        </test-method> <!-- writeExcel -->
      </class> <!-- org.excelautomate.ExcelReadWrite -->
    </test> <!-- Default test -->
  </suite> <!-- Default suite -->
</testng-results>
